e:\visual studio\projects\university\.net framework practice\homework\matrixmultiplication\6. matrixmultiplication\cppmatrixmultiplication\debug\cppmatrixmultiplication.pch
e:\visual studio\projects\university\.net framework practice\homework\matrixmultiplication\6. matrixmultiplication\cppmatrixmultiplication\debug\vc141.pdb
e:\visual studio\projects\university\.net framework practice\homework\matrixmultiplication\6. matrixmultiplication\cppmatrixmultiplication\debug\vc141.idb
e:\visual studio\projects\university\.net framework practice\homework\matrixmultiplication\6. matrixmultiplication\cppmatrixmultiplication\debug\pch.obj
e:\visual studio\projects\university\.net framework practice\homework\matrixmultiplication\6. matrixmultiplication\cppmatrixmultiplication\debug\cppmatrixmultiplication.obj
e:\visual studio\projects\university\.net framework practice\homework\matrixmultiplication\6. matrixmultiplication\cppmatrixmultiplication\debug\cmatrixmultiplication.obj
e:\visual studio\projects\university\.net framework practice\homework\matrixmultiplication\6. matrixmultiplication\cppmatrixmultiplication\debug\cmatrixinstance.obj
e:\visual studio\projects\university\.net framework practice\homework\matrixmultiplication\6. matrixmultiplication\cppmatrixmultiplication\debug\cexception.obj
e:\visual studio\projects\university\.net framework practice\homework\matrixmultiplication\6. matrixmultiplication\cppmatrixmultiplication\debug\cjaggedmatrix.obj
e:\visual studio\projects\university\.net framework practice\homework\matrixmultiplication\6. matrixmultiplication\cppmatrixmultiplication\debug\cjaggedmatrixinstance.obj
e:\visual studio\projects\university\.net framework practice\homework\matrixmultiplication\6. matrixmultiplication\debug\cppmatrixmultiplication.exe
e:\visual studio\projects\university\.net framework practice\homework\matrixmultiplication\6. matrixmultiplication\debug\cppmatrixmultiplication.ilk
e:\visual studio\projects\university\.net framework practice\homework\matrixmultiplication\6. matrixmultiplication\debug\cppmatrixmultiplication.pdb
e:\visual studio\projects\university\.net framework practice\homework\matrixmultiplication\6. matrixmultiplication\cppmatrixmultiplication\debug\cmatrixinstance.obj.enc
e:\visual studio\projects\university\.net framework practice\homework\matrixmultiplication\6. matrixmultiplication\cppmatrixmultiplication\debug\cppmatri.c1f68cf9.tlog\cl.command.1.tlog
e:\visual studio\projects\university\.net framework practice\homework\matrixmultiplication\6. matrixmultiplication\cppmatrixmultiplication\debug\cppmatri.c1f68cf9.tlog\cl.read.1.tlog
e:\visual studio\projects\university\.net framework practice\homework\matrixmultiplication\6. matrixmultiplication\cppmatrixmultiplication\debug\cppmatri.c1f68cf9.tlog\cl.write.1.tlog
e:\visual studio\projects\university\.net framework practice\homework\matrixmultiplication\6. matrixmultiplication\cppmatrixmultiplication\debug\cppmatri.c1f68cf9.tlog\link.command.1.tlog
e:\visual studio\projects\university\.net framework practice\homework\matrixmultiplication\6. matrixmultiplication\cppmatrixmultiplication\debug\cppmatri.c1f68cf9.tlog\link.read.1.tlog
e:\visual studio\projects\university\.net framework practice\homework\matrixmultiplication\6. matrixmultiplication\cppmatrixmultiplication\debug\cppmatri.c1f68cf9.tlog\link.write.1.tlog
